File: JKZ_15_zdp_lane1_meth_db_input.txt, Conversion Error: 0.024
Max depth: 16603
Total mC position in JKZ_15_zdp_lane1_meth_db_input.txt
CG: 1626159	CHG: 745945	CHH: 640198	Total: 3012302
File: JKZ_16_zdp_lane2_meth_db_input.txt, Conversion Error: 0.014
Max depth: 14240
Total mC position in JKZ_16_zdp_lane2_meth_db_input.txt
CG: 1583451	CHG: 702386	CHH: 608708	Total: 2894545
File: JKZ_17_rdd_lane3_meth_db_input.txt, Conversion Error: 0.012
Max depth: 12725
Total mC position in JKZ_17_rdd_lane3_meth_db_input.txt
CG: 1819718	CHG: 916496	CHH: 1152371	Total: 3888585
File: JKZ_18_rdd_lane5_meth_db_input.txt, Conversion Error: 0.011
Max depth: 14455
Total mC position in JKZ_18_rdd_lane5_meth_db_input.txt
CG: 1787030	CHG: 909087	CHH: 1130740	Total: 3826857
File: Lane1_JKZ1_Col0_meth_db_input.txt, Conversion Error: 0.0014
Max depth: 6152
Total mC position in Lane1_JKZ1_Col0_meth_db_input.txt
CG: 1265976	CHG: 462846	CHH: 469297	Total: 2198119
File: Lane1_JKZ8_ros3_2_meth_db_input.txt, Conversion Error: 0.021
Max depth: 10621
Total mC position in Lane1_JKZ8_ros3_2_meth_db_input.txt
CG: 1521228	CHG: 595197	CHH: 499184	Total: 2615609
File: Lane3_JKZ9_ros4_meth_db_input.txt, Conversion Error: 0.017
Max depth: 9555
Total mC position in Lane3_JKZ9_ros4_meth_db_input.txt
CG: 1531976	CHG: 689467	CHH: 579734	Total: 2801177
File: Lane4_JKZ10_ros4_meth_db_input.txt, Conversion Error: 0.02
Max depth: 11408
Total mC position in Lane4_JKZ10_ros4_meth_db_input.txt
CG: 1584068	CHG: 739698	CHH: 681816	Total: 3005582
File: Lane4_JKZ3_ros1_4_meth_db_input.txt, Conversion Error: 0.0055
Max depth: 12290
Total mC position in Lane4_JKZ3_ros1_4_meth_db_input.txt
CG: 1688681	CHG: 814785	CHH: 910879	Total: 3414345
File: Lane5_JKZ11_hsp_meth_db_input.txt, Conversion Error: 0.014
Max depth: 11764
Total mC position in Lane5_JKZ11_hsp_meth_db_input.txt
CG: 1619182	CHG: 687820	CHH: 658989	Total: 2965991
File: Lane5_JKZ4_ros1_4_meth_db_input.txt, Conversion Error: 0.0055
Max depth: 7903
Total mC position in Lane5_JKZ4_ros1_4_meth_db_input.txt
CG: 1581393	CHG: 664724	CHH: 674205	Total: 2920322
File: Lane6_JKZ12_hsp_meth_db_input.txt, Conversion Error: 0.013
Max depth: 13132
Total mC position in Lane6_JKZ12_hsp_meth_db_input.txt
CG: 1632078	CHG: 705115	CHH: 675989	Total: 3013182
File: Lane7_JKZ13_phd_meth_db_input.txt, Conversion Error: 0.013
Max depth: 12300
Total mC position in Lane7_JKZ13_phd_meth_db_input.txt
CG: 1624159	CHG: 717068	CHH: 724103	Total: 3065330
File: Lane7_JKZ6_ros2_meth_db_input.txt, Conversion Error: 0.0049
Max depth: 9993
Total mC position in Lane7_JKZ6_ros2_meth_db_input.txt
CG: 1642872	CHG: 856811	CHH: 1398792	Total: 3898475
File: Lane8_JKZ12_phd_meth_db_input.txt, Conversion Error: 0.023
Max depth: 10423
Total mC position in Lane8_JKZ12_phd_meth_db_input.txt
CG: 1543023	CHG: 585337	CHH: 462801	Total: 2591161
File: Lane8_JKZ7_ros3_2_meth_db_input.txt, Conversion Error: 0.02
Max depth: 9505
Total mC position in Lane8_JKZ7_ros3_2_meth_db_input.txt
CG: 1499960	CHG: 619212	CHH: 618871	Total: 2738043
